<?xml version="1.0" encoding="UTF-8"?>
<!-- Generated by org.testng.reporters.JUnitReportReporter -->
<testsuite hostname="DESKTOP-C4LC40M" failures="0" tests="1" name="TestLayer.RegisterPageTest" time="2.168" errors="0" timestamp="2023-03-13T16:16:16 IST" skipped="0">
  <testcase classname="TestLayer.RegisterPageTest" name="validateRegisterFunctionality" time="2.168"/>
  <system-out/>
</testsuite> <!-- TestLayer.RegisterPageTest -->
